<?xml version="1.0" encoding="UTF-8"?>
<!-- Generated by org.testng.reporters.JUnitReportReporter -->
<testsuite hostname="DESKTOP-OGTSC5L" failures="0" tests="2" name="dataTest.ReportTest" time="30.902" errors="0" timestamp="2021-08-04T15:05:26 IST" skipped="0">
  <testcase classname="dataTest.ReportTest" name="searchJavaTest" time="16.047"/>
  <system-out/>
  <testcase classname="dataTest.ReportTest" name="searchSeleniumTest1" time="14.855"/>
  <system-out/>
</testsuite> <!-- dataTest.ReportTest -->
