<?xml version="1.0" encoding="UTF-8"?>
<!-- Generated by org.testng.reporters.JUnitReportReporter -->
<testsuite hostname="DESKTOP-OGTSC5L" failures="0" tests="2" name="parallelScripts.ClassTwoTest" time="0.028" errors="0" timestamp="2021-08-02T16:55:32 IST" skipped="0">
  <testcase classname="parallelScripts.ClassTwoTest" name="MethodTwo" time="0.010"/>
  <system-out/>
  <testcase classname="parallelScripts.ClassTwoTest" name="MethodThree" time="0.018"/>
  <system-out/>
</testsuite> <!-- parallelScripts.ClassTwoTest -->
