<?xml version="1.0" encoding="UTF-8"?>
<!-- Generated by org.testng.reporters.JUnitReportReporter -->
<testsuite hostname="DESKTOP-OGTSC5L" failures="0" tests="1" name="testScript.HtmlUnitTest" time="6.948" errors="0" timestamp="2021-08-05T16:57:11 IST" skipped="0">
  <testcase classname="testScript.HtmlUnitTest" name="test" time="6.948"/>
  <system-out/>
</testsuite> <!-- testScript.HtmlUnitTest -->
