<?xml version="1.0" encoding="UTF-8"?>
<!-- Generated by org.testng.reporters.JUnitReportReporter -->
<testsuite hostname="DESKTOP-OGTSC5L" failures="0" tests="1" name="dataTest.ExcelDataTest" time="13.473" errors="0" timestamp="2021-08-05T16:42:10 IST" skipped="0">
  <testcase classname="dataTest.ExcelDataTest" name="loginData" time="13.473"/>
  <system-out/>
</testsuite> <!-- dataTest.ExcelDataTest -->
