<?xml version="1.0" encoding="UTF-8"?>
<!-- Generated by org.testng.reporters.JUnitReportReporter -->
<testsuite hostname="DESKTOP-OGTSC5L" failures="0" tests="9" name="parallelScripts.MethodTest" time="0.137" errors="0" timestamp="2021-08-02T17:11:09 IST" skipped="0">
  <testcase classname="parallelScripts.MethodTest" name="searchJavaTest" time="0.002"/>
  <system-out/>
  <testcase classname="parallelScripts.MethodTest" name="searchAppiumTest" time="0.043"/>
  <system-out/>
  <testcase classname="parallelScripts.MethodTest" name="searchCypressTest" time="0.006"/>
  <system-out/>
  <testcase classname="parallelScripts.MethodTest" name="searchAppiumTest" time="0.003"/>
  <system-out/>
  <testcase classname="parallelScripts.MethodTest" name="searchSeleniumTest" time="0.002"/>
  <system-out/>
  <testcase classname="parallelScripts.MethodTest" name="searchAppiumTest" time="0.034"/>
  <system-out/>
  <testcase classname="parallelScripts.MethodTest" name="searchAppiumTest" time="0.034"/>
  <system-out/>
  <testcase classname="parallelScripts.MethodTest" name="searchAppiumTest" time="0.006"/>
  <system-out/>
  <testcase classname="parallelScripts.MethodTest" name="searchAppiumTest" time="0.007"/>
  <system-out/>
</testsuite> <!-- parallelScripts.MethodTest -->
