<?xml version="1.0" encoding="UTF-8"?>
<!-- Generated by org.testng.reporters.JUnitReportReporter -->
<testsuite hostname="DESKTOP-OGTSC5L" failures="0" tests="1" name="parallelScripts.ClassOneTest" time="0.022" errors="0" timestamp="2021-08-02T17:06:59 IST" skipped="0">
  <testcase classname="parallelScripts.ClassOneTest" name="Method1" time="0.022"/>
  <system-out/>
</testsuite> <!-- parallelScripts.ClassOneTest -->
