<?xml version="1.0" encoding="UTF-8"?>
<!-- Generated by org.testng.reporters.JUnitReportReporter -->
<testsuite hostname="DESKTOP-OGTSC5L" failures="0" tests="4" name="testScript.GroupOneTest" time="0.031" errors="0" timestamp="2021-08-10T13:45:34 IST" skipped="0">
  <testcase classname="testScript.GroupOneTest" name="searchAppiumTest" time="0.016"/>
  <system-out/>
  <testcase classname="testScript.GroupOneTest" name="searchJavaTest" time="0.009"/>
  <system-out/>
  <testcase classname="testScript.GroupOneTest" name="searchCypressTest" time="0.004"/>
  <system-out/>
  <testcase classname="testScript.GroupOneTest" name="searchSeleniumTest" time="0.002"/>
  <system-out/>
</testsuite> <!-- testScript.GroupOneTest -->
