<?xml version="1.0" encoding="UTF-8"?>
<!-- Generated by org.testng.reporters.JUnitReportReporter -->
<testsuite hostname="DESKTOP-OGTSC5L" failures="0" tests="2" name="testScript.GroupTwoTest" time="0.016" errors="0" timestamp="2021-08-02T16:00:57 IST" skipped="0">
  <testcase classname="testScript.GroupTwoTest" name="searchRobotFWTest" time="0.013"/>
  <system-out/>
  <testcase classname="testScript.GroupTwoTest" name="searchRobotTest" time="0.003"/>
  <system-out/>
</testsuite> <!-- testScript.GroupTwoTest -->
